Determining if the pthread_create exist failed with the following output:
Change Dir: /home/deepsy/Desktop/examples/example_2/buildarm/CMakeFiles/CMakeTmp

Run Build Command:"/usr/bin/make" "cmTC_b0a6d/fast"
/usr/bin/make -f CMakeFiles/cmTC_b0a6d.dir/build.make CMakeFiles/cmTC_b0a6d.dir/build
make[1]: Entering directory '/home/deepsy/Desktop/examples/example_2/buildarm/CMakeFiles/CMakeTmp'
Building C object CMakeFiles/cmTC_b0a6d.dir/CheckSymbolExists.c.o
/opt/fslc-x11/2.5.3/release/sysroots/x86_64-fslcsdk-linux/usr/bin/arm-fslc-linux-gnueabi/arm-fslc-linux-gnueabi-gcc   -march=armv7-a -mthumb -mfpu=neon -mfloat-abi=hard --sysroot=/opt/fslc-x11/2.5.3/release/sysroots/armv7at2hf-neon-fslc-linux-gnueabi   -O2 -pipe -g -feliminate-unused-debug-types    -o CMakeFiles/cmTC_b0a6d.dir/CheckSymbolExists.c.o   -c /home/deepsy/Desktop/examples/example_2/buildarm/CMakeFiles/CMakeTmp/CheckSymbolExists.c
Linking C executable cmTC_b0a6d
/opt/fslc-x11/2.5.3/release/sysroots/x86_64-fslcsdk-linux/usr/bin/cmake -E cmake_link_script CMakeFiles/cmTC_b0a6d.dir/link.txt --verbose=1
/opt/fslc-x11/2.5.3/release/sysroots/x86_64-fslcsdk-linux/usr/bin/arm-fslc-linux-gnueabi/arm-fslc-linux-gnueabi-gcc   -march=armv7-a -mthumb -mfpu=neon -mfloat-abi=hard --sysroot=/opt/fslc-x11/2.5.3/release/sysroots/armv7at2hf-neon-fslc-linux-gnueabi -O2 -pipe -g -feliminate-unused-debug-types   -Wl,-O1 -Wl,--hash-style=gnu -Wl,--as-needed  CMakeFiles/cmTC_b0a6d.dir/CheckSymbolExists.c.o  -o cmTC_b0a6d 
CMakeFiles/cmTC_b0a6d.dir/CheckSymbolExists.c.o: In function `main':
/home/deepsy/Desktop/examples/example_2/buildarm/CMakeFiles/CMakeTmp/CheckSymbolExists.c:8: undefined reference to `pthread_create'
/home/deepsy/Desktop/examples/example_2/buildarm/CMakeFiles/CMakeTmp/CheckSymbolExists.c:8: undefined reference to `pthread_create'
collect2: error: ld returned 1 exit status
CMakeFiles/cmTC_b0a6d.dir/build.make:97: recipe for target 'cmTC_b0a6d' failed
make[1]: *** [cmTC_b0a6d] Error 1
make[1]: Leaving directory '/home/deepsy/Desktop/examples/example_2/buildarm/CMakeFiles/CMakeTmp'
Makefile:126: recipe for target 'cmTC_b0a6d/fast' failed
make: *** [cmTC_b0a6d/fast] Error 2

File /home/deepsy/Desktop/examples/example_2/buildarm/CMakeFiles/CMakeTmp/CheckSymbolExists.c:
/* */
#include <pthread.h>

int main(int argc, char** argv)
{
  (void)argv;
#ifndef pthread_create
  return ((int*)(&pthread_create))[argc];
#else
  (void)argc;
  return 0;
#endif
}

Determining if the function pthread_create exists in the pthreads failed with the following output:
Change Dir: /home/deepsy/Desktop/examples/example_2/buildarm/CMakeFiles/CMakeTmp

Run Build Command:"/usr/bin/make" "cmTC_191d5/fast"
/usr/bin/make -f CMakeFiles/cmTC_191d5.dir/build.make CMakeFiles/cmTC_191d5.dir/build
make[1]: Entering directory '/home/deepsy/Desktop/examples/example_2/buildarm/CMakeFiles/CMakeTmp'
Building C object CMakeFiles/cmTC_191d5.dir/CheckFunctionExists.c.o
/opt/fslc-x11/2.5.3/release/sysroots/x86_64-fslcsdk-linux/usr/bin/arm-fslc-linux-gnueabi/arm-fslc-linux-gnueabi-gcc   -march=armv7-a -mthumb -mfpu=neon -mfloat-abi=hard --sysroot=/opt/fslc-x11/2.5.3/release/sysroots/armv7at2hf-neon-fslc-linux-gnueabi   -O2 -pipe -g -feliminate-unused-debug-types -DCHECK_FUNCTION_EXISTS=pthread_create   -o CMakeFiles/cmTC_191d5.dir/CheckFunctionExists.c.o   -c /opt/fslc-x11/2.5.3/release/sysroots/x86_64-fslcsdk-linux/usr/share/cmake-3.10/Modules/CheckFunctionExists.c
Linking C executable cmTC_191d5
/opt/fslc-x11/2.5.3/release/sysroots/x86_64-fslcsdk-linux/usr/bin/cmake -E cmake_link_script CMakeFiles/cmTC_191d5.dir/link.txt --verbose=1
/opt/fslc-x11/2.5.3/release/sysroots/x86_64-fslcsdk-linux/usr/bin/arm-fslc-linux-gnueabi/arm-fslc-linux-gnueabi-gcc   -march=armv7-a -mthumb -mfpu=neon -mfloat-abi=hard --sysroot=/opt/fslc-x11/2.5.3/release/sysroots/armv7at2hf-neon-fslc-linux-gnueabi -O2 -pipe -g -feliminate-unused-debug-types -DCHECK_FUNCTION_EXISTS=pthread_create  -Wl,-O1 -Wl,--hash-style=gnu -Wl,--as-needed  CMakeFiles/cmTC_191d5.dir/CheckFunctionExists.c.o  -o cmTC_191d5 -lpthreads 
/opt/fslc-x11/2.5.3/release/sysroots/x86_64-fslcsdk-linux/usr/libexec/arm-fslc-linux-gnueabi/gcc/arm-fslc-linux-gnueabi/7.3.0/real-ld: cannot find -lpthreads
collect2: error: ld returned 1 exit status
CMakeFiles/cmTC_191d5.dir/build.make:97: recipe for target 'cmTC_191d5' failed
make[1]: *** [cmTC_191d5] Error 1
make[1]: Leaving directory '/home/deepsy/Desktop/examples/example_2/buildarm/CMakeFiles/CMakeTmp'
Makefile:126: recipe for target 'cmTC_191d5/fast' failed
make: *** [cmTC_191d5/fast] Error 2


